<?xml version="1.0" encoding="UTF-8"?>
<testng-results skipped="0" failed="1" total="1" passed="0">
  <reporter-output>
    <line>
      <![CDATA[iOSAutomation_DESCRIPTION : 1. Go to server chat created in above test. 
2. Go to GC profile. 
3. Add DND user by participant. 
]]>
    </line>
    <line>
      <![CDATA[Get text value for locator : By.IosUIAutomation: .tableViews()[0].cells()[0].staticTexts()[1] Value : IOS automation server group]]>
    </line>
    <line>
      <![CDATA[Get text value for locator : By.name: Group Info Value : Group Info]]>
    </line>
    <line>
      <![CDATA[Unable to get text for locator : By.IosUIAutomation: .tableViews()[0].staticTexts()[0]]]>
    </line>
    <line>
      <![CDATA[Get text value for locator : By.IosUIAutomation: .tableViews()[0].cells()[5].staticTexts()[0] Value : Added HikeDNDUser to the group ]]>
    </line>
  </reporter-output>
  <suite name="Default suite" duration-ms="63973" started-at="2015-07-07T09:53:35Z" finished-at="2015-07-07T09:54:39Z">
    <groups>
    </groups>
    <test name="Default test" duration-ms="63973" started-at="2015-07-07T09:53:35Z" finished-at="2015-07-07T09:54:39Z">
      <class name="com.bsb.hike.ios.tests.groupChat.GCAddOrRemoveByParticipants">
        <test-method status="PASS" signature="setUp()[pri:0, instance:com.bsb.hike.ios.tests.groupChat.GCAddOrRemoveByParticipants@3bfdc050]" name="setUp" is-config="true" duration-ms="11245" started-at="2015-07-07T15:23:35Z" finished-at="2015-07-07T15:23:47Z">
          <reporter-output>
          </reporter-output>
        </test-method> <!-- setUp -->
        <test-method status="FAIL" signature="test003_AddDNDUserByParticipant()[pri:0, instance:com.bsb.hike.ios.tests.groupChat.GCAddOrRemoveByParticipants@3bfdc050]" name="test003_AddDNDUserByParticipant" duration-ms="52079" started-at="2015-07-07T15:23:47Z" finished-at="2015-07-07T15:24:39Z">
          <exception class="java.lang.AssertionError">
            <message>
              <![CDATA[User added by participant notification was not sent. expected [true] but found [false]]]>
            </message>
            <full-stacktrace>
              <![CDATA[java.lang.AssertionError: User added by participant notification was not sent. expected [true] but found [false]
	at org.testng.Assert.fail(Assert.java:94)
	at org.testng.Assert.failNotEquals(Assert.java:494)
	at org.testng.Assert.assertTrue(Assert.java:42)
	at com.bsb.hike.ios.tests.groupChat.GCAddOrRemoveByParticipants.test003_AddDNDUserByParticipant(GCAddOrRemoveByParticipants.java:112)
	at sun.reflect.NativeMethodAccessorImpl.invoke0(Native Method)
	at sun.reflect.NativeMethodAccessorImpl.invoke(NativeMethodAccessorImpl.java:62)
	at sun.reflect.DelegatingMethodAccessorImpl.invoke(DelegatingMethodAccessorImpl.java:43)
	at java.lang.reflect.Method.invoke(Method.java:497)
	at org.testng.internal.MethodInvocationHelper.invokeMethod(MethodInvocationHelper.java:84)
	at org.testng.internal.Invoker.invokeMethod(Invoker.java:714)
	at org.testng.internal.Invoker.invokeTestMethod(Invoker.java:901)
	at org.testng.internal.Invoker.invokeTestMethods(Invoker.java:1231)
	at org.testng.internal.TestMethodWorker.invokeTestMethods(TestMethodWorker.java:127)
	at org.testng.internal.TestMethodWorker.run(TestMethodWorker.java:111)
	at org.testng.TestRunner.privateRun(TestRunner.java:767)
	at org.testng.TestRunner.run(TestRunner.java:617)
	at org.testng.SuiteRunner.runTest(SuiteRunner.java:334)
	at org.testng.SuiteRunner.runSequentially(SuiteRunner.java:329)
	at org.testng.SuiteRunner.privateRun(SuiteRunner.java:291)
	at org.testng.SuiteRunner.run(SuiteRunner.java:240)
	at org.testng.SuiteRunnerWorker.runSuite(SuiteRunnerWorker.java:52)
	at org.testng.SuiteRunnerWorker.run(SuiteRunnerWorker.java:86)
	at org.testng.TestNG.runSuitesSequentially(TestNG.java:1224)
	at org.testng.TestNG.runSuitesLocally(TestNG.java:1149)
	at org.testng.TestNG.run(TestNG.java:1057)
	at org.testng.remote.RemoteTestNG.run(RemoteTestNG.java:111)
	at org.testng.remote.RemoteTestNG.initAndRun(RemoteTestNG.java:204)
	at org.testng.remote.RemoteTestNG.main(RemoteTestNG.java:175)
]]>
            </full-stacktrace>
          </exception> <!-- java.lang.AssertionError -->
          <reporter-output>
            <line>
              <![CDATA[iOSAutomation_DESCRIPTION : 1. Go to server chat created in above test. 
2. Go to GC profile. 
3. Add DND user by participant. 
]]>
            </line>
            <line>
              <![CDATA[Get text value for locator : By.IosUIAutomation: .tableViews()[0].cells()[0].staticTexts()[1] Value : IOS automation server group]]>
            </line>
            <line>
              <![CDATA[Get text value for locator : By.name: Group Info Value : Group Info]]>
            </line>
            <line>
              <![CDATA[Unable to get text for locator : By.IosUIAutomation: .tableViews()[0].staticTexts()[0]]]>
            </line>
            <line>
              <![CDATA[Get text value for locator : By.IosUIAutomation: .tableViews()[0].cells()[5].staticTexts()[0] Value : Added HikeDNDUser to the group ]]>
            </line>
          </reporter-output>
        </test-method> <!-- test003_AddDNDUserByParticipant -->
        <test-method status="PASS" signature="tearDown()[pri:0, instance:com.bsb.hike.ios.tests.groupChat.GCAddOrRemoveByParticipants@3bfdc050]" name="tearDown" is-config="true" duration-ms="641" started-at="2015-07-07T15:24:39Z" finished-at="2015-07-07T15:24:39Z">
          <reporter-output>
          </reporter-output>
        </test-method> <!-- tearDown -->
      </class> <!-- com.bsb.hike.ios.tests.groupChat.GCAddOrRemoveByParticipants -->
    </test> <!-- Default test -->
  </suite> <!-- Default suite -->
</testng-results>
