<?xml version="1.0" encoding="UTF-8"?>
<!-- Generated by org.testng.reporters.JUnitReportReporter -->
<testsuite hostname="Pratyush.local" name="com.bsb.hike.ios.tests.signUpFlow.SignUpFlow" tests="21" failures="0" timestamp="4 Jul 2015 08:41:54 GMT" time="401.329" errors="2">
  <testcase name="test003_hikeLogoPresence" time="0.466" classname="com.bsb.hike.ios.tests.signUpFlow.SignUpFlow"/>
  <testcase name="test012_MSISDNFieldValidation" time="25.429" classname="com.bsb.hike.ios.tests.signUpFlow.SignUpFlow"/>
  <testcase name="test006_signUpOnWifi" time="16.767" classname="com.bsb.hike.ios.tests.signUpFlow.SignUpFlow"/>
  <testcase name="test015_EnterWrongPin" time="53.338" classname="com.bsb.hike.ios.tests.signUpFlow.SignUpFlow"/>
  <testcase name="test007_countrySelection" time="31.704" classname="com.bsb.hike.ios.tests.signUpFlow.SignUpFlow"/>
  <testcase name="test017_ProfilePhoto" time="2.619" classname="com.bsb.hike.ios.tests.signUpFlow.SignUpFlow">
    <error type="java.lang.AssertionError" message="The &#039;Change Photo&#039; bar did not come after clicking on add photo button expected [true] but found [false]">
      <![CDATA[java.lang.AssertionError: The 'Change Photo' bar did not come after clicking on add photo button expected [true] but found [false]
	at org.testng.Assert.fail(Assert.java:94)
	at org.testng.Assert.failNotEquals(Assert.java:494)
	at org.testng.Assert.assertTrue(Assert.java:42)
	at com.bsb.hike.ios.tests.signUpFlow.SignUpFlow.test017_ProfilePhoto(SignUpFlow.java:325)
	at sun.reflect.NativeMethodAccessorImpl.invoke0(Native Method)
	at sun.reflect.NativeMethodAccessorImpl.invoke(NativeMethodAccessorImpl.java:62)
	at sun.reflect.DelegatingMethodAccessorImpl.invoke(DelegatingMethodAccessorImpl.java:43)
	at java.lang.reflect.Method.invoke(Method.java:497)
	at org.testng.internal.MethodInvocationHelper.invokeMethod(MethodInvocationHelper.java:84)
	at org.testng.internal.Invoker.invokeMethod(Invoker.java:714)
	at org.testng.internal.Invoker.invokeTestMethod(Invoker.java:901)
	at org.testng.internal.Invoker.invokeTestMethods(Invoker.java:1231)
	at org.testng.internal.TestMethodWorker.invokeTestMethods(TestMethodWorker.java:127)
	at org.testng.internal.TestMethodWorker.run(TestMethodWorker.java:111)
	at org.testng.TestRunner.privateRun(TestRunner.java:767)
	at org.testng.TestRunner.run(TestRunner.java:617)
	at org.testng.SuiteRunner.runTest(SuiteRunner.java:334)
	at org.testng.SuiteRunner.runSequentially(SuiteRunner.java:329)
	at org.testng.SuiteRunner.privateRun(SuiteRunner.java:291)
	at org.testng.SuiteRunner.run(SuiteRunner.java:240)
	at org.testng.SuiteRunnerWorker.runSuite(SuiteRunnerWorker.java:52)
	at org.testng.SuiteRunnerWorker.run(SuiteRunnerWorker.java:86)
	at org.testng.TestNG.runSuitesSequentially(TestNG.java:1224)
	at org.testng.TestNG.runSuitesLocally(TestNG.java:1149)
	at org.testng.TestNG.run(TestNG.java:1057)
	at org.testng.remote.RemoteTestNG.run(RemoteTestNG.java:111)
	at org.testng.remote.RemoteTestNG.initAndRun(RemoteTestNG.java:204)
	at org.testng.remote.RemoteTestNG.main(RemoteTestNG.java:175)
]]>
    </error>
  </testcase> <!-- test017_ProfilePhoto -->
  <testcase name="test009_enterNumber" time="8.118" classname="com.bsb.hike.ios.tests.signUpFlow.SignUpFlow"/>
  <testcase name="test020_SetGalleryImage" time="2.636" classname="com.bsb.hike.ios.tests.signUpFlow.SignUpFlow"/>
  <testcase name="test019_SetCameraImage" time="10.098" classname="com.bsb.hike.ios.tests.signUpFlow.SignUpFlow"/>
  <testcase name="test001_uninstallApp" time="2.275" classname="com.bsb.hike.ios.tests.signUpFlow.SignUpFlow"/>
  <testcase name="test005_termsAndConditions" time="9.382" classname="com.bsb.hike.ios.tests.signUpFlow.SignUpFlow"/>
  <testcase name="test014_ReenterMSISDN" time="13.369" classname="com.bsb.hike.ios.tests.signUpFlow.SignUpFlow"/>
  <testcase name="test021_UsernameValidationCases" time="46.688" classname="com.bsb.hike.ios.tests.signUpFlow.SignUpFlow"/>
  <testcase name="test004_hikeWelcomePage" time="5.656" classname="com.bsb.hike.ios.tests.signUpFlow.SignUpFlow"/>
  <testcase name="test008_scrollTheCountryList" time="0.000" classname="com.bsb.hike.ios.tests.signUpFlow.SignUpFlow"/>
  <testcase name="test011_invalidNumberValidation" time="26.037" classname="com.bsb.hike.ios.tests.signUpFlow.SignUpFlow"/>
  <testcase name="test013_ConfirmMSISDN" time="31.940" classname="com.bsb.hike.ios.tests.signUpFlow.SignUpFlow"/>
  <testcase name="test018_ChooseCamera" time="61.359" classname="com.bsb.hike.ios.tests.signUpFlow.SignUpFlow"/>
  <testcase name="test002_installApp" time="20.066" classname="com.bsb.hike.ios.tests.signUpFlow.SignUpFlow"/>
  <testcase name="test016_EnterCorrectPIN" time="25.106" classname="com.bsb.hike.ios.tests.signUpFlow.SignUpFlow">
    <error type="java.lang.AssertionError" message="The &#039;add photo&#039; button is not visible by default expected [true] but found [false]">
      <![CDATA[java.lang.AssertionError: The 'add photo' button is not visible by default expected [true] but found [false]
	at org.testng.Assert.fail(Assert.java:94)
	at org.testng.Assert.failNotEquals(Assert.java:494)
	at org.testng.Assert.assertTrue(Assert.java:42)
	at com.bsb.hike.ios.tests.signUpFlow.SignUpFlow.test016_EnterCorrectPIN(SignUpFlow.java:309)
	at sun.reflect.NativeMethodAccessorImpl.invoke0(Native Method)
	at sun.reflect.NativeMethodAccessorImpl.invoke(NativeMethodAccessorImpl.java:62)
	at sun.reflect.DelegatingMethodAccessorImpl.invoke(DelegatingMethodAccessorImpl.java:43)
	at java.lang.reflect.Method.invoke(Method.java:497)
	at org.testng.internal.MethodInvocationHelper.invokeMethod(MethodInvocationHelper.java:84)
	at org.testng.internal.Invoker.invokeMethod(Invoker.java:714)
	at org.testng.internal.Invoker.invokeTestMethod(Invoker.java:901)
	at org.testng.internal.Invoker.invokeTestMethods(Invoker.java:1231)
	at org.testng.internal.TestMethodWorker.invokeTestMethods(TestMethodWorker.java:127)
	at org.testng.internal.TestMethodWorker.run(TestMethodWorker.java:111)
	at org.testng.TestRunner.privateRun(TestRunner.java:767)
	at org.testng.TestRunner.run(TestRunner.java:617)
	at org.testng.SuiteRunner.runTest(SuiteRunner.java:334)
	at org.testng.SuiteRunner.runSequentially(SuiteRunner.java:329)
	at org.testng.SuiteRunner.privateRun(SuiteRunner.java:291)
	at org.testng.SuiteRunner.run(SuiteRunner.java:240)
	at org.testng.SuiteRunnerWorker.runSuite(SuiteRunnerWorker.java:52)
	at org.testng.SuiteRunnerWorker.run(SuiteRunnerWorker.java:86)
	at org.testng.TestNG.runSuitesSequentially(TestNG.java:1224)
	at org.testng.TestNG.runSuitesLocally(TestNG.java:1149)
	at org.testng.TestNG.run(TestNG.java:1057)
	at org.testng.remote.RemoteTestNG.run(RemoteTestNG.java:111)
	at org.testng.remote.RemoteTestNG.initAndRun(RemoteTestNG.java:204)
	at org.testng.remote.RemoteTestNG.main(RemoteTestNG.java:175)
]]>
    </error>
  </testcase> <!-- test016_EnterCorrectPIN -->
  <testcase name="test010_removeEnteredNumber" time="8.276" classname="com.bsb.hike.ios.tests.signUpFlow.SignUpFlow"/>
</testsuite> <!-- com.bsb.hike.ios.tests.signUpFlow.SignUpFlow -->
